<?xml version="1.0" encoding="UTF-8"?>
<!-- Generated by org.testng.reporters.JUnitReportReporter -->
<testsuite hostname="DESKTOP-VOEPL6U" failures="0" tests="1" name="TestNG.Testcase1" time="59.591" errors="0" timestamp="2022-08-20T12:47:24 IST" skipped="0">
  <testcase classname="TestNG.Testcase1" name="tc1" time="59.591"/>
  <system-out>
    <![CDATA[Facebook â€“ log in or sign up
https://www.facebook.com/]]>
  </system-out>
</testsuite> <!-- TestNG.Testcase1 -->
