<?xml version="1.0" encoding="UTF-8"?>
<!-- Generated by org.testng.reporters.JUnitReportReporter -->
<testsuite hostname="DESKTOP-VOEPL6U" failures="0" tests="1" name="TestNG.Testcase2" time="13.553" errors="0" timestamp="2022-08-20T12:47:24 IST" skipped="0">
  <testcase classname="TestNG.Testcase2" name="tc2" time="13.553"/>
  <system-out>
    <![CDATA[Forgotten Password | Can't Log In | Facebook
https://www.facebook.com/login/identify/?ctx=recover&ars=facebook_login&from_login_screen=0]]>
  </system-out>
</testsuite> <!-- TestNG.Testcase2 -->
